<?xml version="1.0" encoding="UTF-8"?>
<!-- Generated by org.testng.reporters.JUnitXMLReporter -->
<<<<<<< HEAD
<testsuite ignored="0" hostname="Amelas-MacBook-Pro.local" failures="0" tests="1" name="Command line test" time="0.024" errors="0" timestamp="12 Jan 2019 02:10:46 GMT">
=======
<testsuite ignored="0" hostname="Halima" failures="0" tests="1" name="Command line test" time="0.05" errors="0" timestamp="11 Jan 2019 00:05:53 GMT">
>>>>>>> 21ff02c49db6a39452ad9882e03086b50e01607e
  <testcase classname="base.CommonAPI" name="@BeforeMethod setUp" time="0.0">
    <failure type="org.testng.TestNGException" message="
Parameter &amp;apos;url&amp;apos; is required by BeforeMethod on method setUp but has not been marked @Optional or defined
">
      <![CDATA[org.testng.TestNGException: 
Parameter 'url' is required by BeforeMethod on method setUp but has not been marked @Optional or defined

... Removed 34 stack frames]]>
    </failure>
  </testcase> <!-- @BeforeMethod setUp -->
  <testcase classname="base.CommonAPI" name="@AfterMethod cleanUp" time="0.0">
    <skipped/>
  </testcase> <!-- @AfterMethod cleanUp -->
  <testcase classname="tests.TestHomeAmazon" name="test2" time="0.0">
    <skipped/>
  </testcase> <!-- test2 -->
</testsuite> <!-- Command line test -->
